

Microchip MPLAB XC8 Assembler V2.40 build 20220703182018 
                                                                                               Tue Apr 25 09:10:32 2023

Microchip MPLAB XC8 C Compiler v2.40 (Free license) build 20220703182018 Og1 
     1                           	processor	16F887
     2                           	pagewidth 120
     3                           	opt	flic
     4                           	psect	cinit,global,class=CODE,merge=1,delta=2
     5                           	psect	bssCOMMON,global,class=COMMON,space=1,delta=1,noexec
     6                           	psect	cstackCOMMON,global,class=COMMON,space=1,delta=1,noexec
     7                           	psect	cstackBANK0,global,class=BANK0,space=1,delta=1,noexec
     8                           	psect	maintext,global,class=CODE,split=1,delta=2
     9                           	psect	text1,local,class=CODE,merge=1,delta=2
    10                           	psect	text2,local,class=CODE,merge=1,delta=2
    11                           	psect	intentry,global,class=CODE,delta=2
    12                           	psect	text3,local,class=CODE,merge=1,delta=2
    13                           	psect	text4,local,class=CODE,merge=1,delta=2
    14                           	psect	idloc,global,abs,ovrld,class=IDLOC,space=5,delta=2,noexec
    15                           	psect	config,global,abs,ovrld,class=CONFIG,space=4,delta=2,noexec
    16                           	dabs	1,0x7E,2
    17     0000                     
    18                           ; Version 2.40
    19                           ; Generated 17/11/2021 GMT
    20                           ; 
    21                           ; Copyright © 2021, Microchip Technology Inc. and its subsidiaries ("Microchip")
    22                           ; All rights reserved.
    23                           ; 
    24                           ; This software is developed by Microchip Technology Inc. and its subsidiaries ("Microch
      +                          ip").
    25                           ; 
    26                           ; Redistribution and use in source and binary forms, with or without modification, are
    27                           ; permitted provided that the following conditions are met:
    28                           ; 
    29                           ;     1. Redistributions of source code must retain the above copyright notice, this lis
      +                          t of
    30                           ;        conditions and the following disclaimer.
    31                           ; 
    32                           ;     2. Redistributions in binary form must reproduce the above copyright notice, this 
      +                          list
    33                           ;        of conditions and the following disclaimer in the documentation and/or other
    34                           ;        materials provided with the distribution. Publication is not required when
    35                           ;        this file is used in an embedded application.
    36                           ; 
    37                           ;     3. Microchip's name may not be used to endorse or promote products derived from th
      +                          is
    38                           ;        software without specific prior written permission.
    39                           ; 
    40                           ; THIS SOFTWARE IS PROVIDED BY MICROCHIP "AS IS" AND ANY EXPRESS OR IMPLIED WARRANTIES,
    41                           ; INCLUDING, BUT NOT LIMITED TO, THE IMPLIED WARRANTIES OF MERCHANTABILITY AND FITNESS F
      +                          OR
    42                           ; PURPOSE ARE DISCLAIMED.  IN NO EVENT SHALL MICROCHIP BE LIABLE FOR ANY DIRECT, INDIREC
      +                          T,
    43                           ; INCIDENTAL, SPECIAL, EXEMPLARY, OR CONSEQUENTIAL DAMAGES (INCLUDING BUT NOT LIMITED TO
    44                           ; PROCUREMENT OF SUBSTITUTE GOODS OR SERVICES; LOSS OF USE, DATA OR PROFITS; OR BUSINESS
    45                           ; INTERRUPTION) HOWSOEVER CAUSED AND ON ANY THEORY OF LIABILITY, WHETHER IN CONTRACT, ST
      +                          RICT
    46                           ; LIABILITY, OR TORT (INCLUDING NEGLIGENCE OR OTHERWISE) ARISING IN ANY WAY OUT OF THE U
      +                          SE OF
    47                           ; THIS SOFTWARE, EVEN IF ADVISED OF THE POSSIBILITY OF SUCH DAMAGE.
    48                           ; 
    49                           ; 
    50                           ; Code-generator required, PIC16F887 Definitions
    51                           ; 
    52                           ; SFR Addresses
    53     0000                     	;# 
    54     0001                     	;# 
    55     0002                     	;# 
    56     0003                     	;# 
    57     0004                     	;# 
    58     0005                     	;# 
    59     0006                     	;# 
    60     0007                     	;# 
    61     0008                     	;# 
    62     0009                     	;# 
    63     000A                     	;# 
    64     000B                     	;# 
    65     000C                     	;# 
    66     000D                     	;# 
    67     000E                     	;# 
    68     000E                     	;# 
    69     000F                     	;# 
    70     0010                     	;# 
    71     0011                     	;# 
    72     0012                     	;# 
    73     0013                     	;# 
    74     0014                     	;# 
    75     0015                     	;# 
    76     0015                     	;# 
    77     0016                     	;# 
    78     0017                     	;# 
    79     0018                     	;# 
    80     0019                     	;# 
    81     001A                     	;# 
    82     001B                     	;# 
    83     001B                     	;# 
    84     001C                     	;# 
    85     001D                     	;# 
    86     001E                     	;# 
    87     001F                     	;# 
    88     0081                     	;# 
    89     0085                     	;# 
    90     0086                     	;# 
    91     0087                     	;# 
    92     0088                     	;# 
    93     0089                     	;# 
    94     008C                     	;# 
    95     008D                     	;# 
    96     008E                     	;# 
    97     008F                     	;# 
    98     0090                     	;# 
    99     0091                     	;# 
   100     0092                     	;# 
   101     0093                     	;# 
   102     0093                     	;# 
   103     0093                     	;# 
   104     0094                     	;# 
   105     0095                     	;# 
   106     0096                     	;# 
   107     0097                     	;# 
   108     0098                     	;# 
   109     0099                     	;# 
   110     009A                     	;# 
   111     009B                     	;# 
   112     009C                     	;# 
   113     009D                     	;# 
   114     009E                     	;# 
   115     009F                     	;# 
   116     0105                     	;# 
   117     0107                     	;# 
   118     0108                     	;# 
   119     0109                     	;# 
   120     010C                     	;# 
   121     010C                     	;# 
   122     010D                     	;# 
   123     010E                     	;# 
   124     010F                     	;# 
   125     0185                     	;# 
   126     0187                     	;# 
   127     0188                     	;# 
   128     0189                     	;# 
   129     018C                     	;# 
   130     018D                     	;# 
   131     0000                     	;# 
   132     0001                     	;# 
   133     0002                     	;# 
   134     0003                     	;# 
   135     0004                     	;# 
   136     0005                     	;# 
   137     0006                     	;# 
   138     0007                     	;# 
   139     0008                     	;# 
   140     0009                     	;# 
   141     000A                     	;# 
   142     000B                     	;# 
   143     000C                     	;# 
   144     000D                     	;# 
   145     000E                     	;# 
   146     000E                     	;# 
   147     000F                     	;# 
   148     0010                     	;# 
   149     0011                     	;# 
   150     0012                     	;# 
   151     0013                     	;# 
   152     0014                     	;# 
   153     0015                     	;# 
   154     0015                     	;# 
   155     0016                     	;# 
   156     0017                     	;# 
   157     0018                     	;# 
   158     0019                     	;# 
   159     001A                     	;# 
   160     001B                     	;# 
   161     001B                     	;# 
   162     001C                     	;# 
   163     001D                     	;# 
   164     001E                     	;# 
   165     001F                     	;# 
   166     0081                     	;# 
   167     0085                     	;# 
   168     0086                     	;# 
   169     0087                     	;# 
   170     0088                     	;# 
   171     0089                     	;# 
   172     008C                     	;# 
   173     008D                     	;# 
   174     008E                     	;# 
   175     008F                     	;# 
   176     0090                     	;# 
   177     0091                     	;# 
   178     0092                     	;# 
   179     0093                     	;# 
   180     0093                     	;# 
   181     0093                     	;# 
   182     0094                     	;# 
   183     0095                     	;# 
   184     0096                     	;# 
   185     0097                     	;# 
   186     0098                     	;# 
   187     0099                     	;# 
   188     009A                     	;# 
   189     009B                     	;# 
   190     009C                     	;# 
   191     009D                     	;# 
   192     009E                     	;# 
   193     009F                     	;# 
   194     0105                     	;# 
   195     0107                     	;# 
   196     0108                     	;# 
   197     0109                     	;# 
   198     010C                     	;# 
   199     010C                     	;# 
   200     010D                     	;# 
   201     010E                     	;# 
   202     010F                     	;# 
   203     0185                     	;# 
   204     0187                     	;# 
   205     0188                     	;# 
   206     0189                     	;# 
   207     018C                     	;# 
   208     018D                     	;# 
   209     0009                     _PORTE	set	9
   210     0006                     _PORTB	set	6
   211     001F                     _ADCON0bits	set	31
   212     0008                     _PORTD	set	8
   213     0005                     _PORTA	set	5
   214     0006                     _PORTBbits	set	6
   215     000B                     _INTCONbits	set	11
   216     0007                     _PORTC	set	7
   217     001E                     _ADRESH	set	30
   218     000C                     _PIR1bits	set	12
   219     005F                     _GIE	set	95
   220     009F                     _ADCON1bits	set	159
   221     008C                     _PIE1bits	set	140
   222     0096                     _IOCB	set	150
   223     0081                     _OPTION_REGbits	set	129
   224     0085                     _TRISA	set	133
   225     0088                     _TRISD	set	136
   226     0087                     _TRISC	set	135
   227     0086                     _TRISB	set	134
   228     0089                     _TRISE	set	137
   229     010C                     _EEDAT	set	268
   230     010D                     _EEADR	set	269
   231     018D                     _EECON2	set	397
   232     018C                     _EECON1bits	set	396
   233     0189                     _ANSELH	set	393
   234     0188                     _ANSELbits	set	392
   235     0C60                     _RD	set	3168
   236     0C61                     _WR	set	3169
   237                           
   238                           	psect	cinit
   239     000F                     start_initialization:	
   240                           ; #config settings
   241                           
   242     000F                     __initialization:
   243                           
   244                           ; Clear objects allocated to COMMON
   245     000F  01F6               	clrf	__pbssCOMMON& (0+127)
   246     0010  01F7               	clrf	(__pbssCOMMON+1)& (0+127)
   247     0011  01F8               	clrf	(__pbssCOMMON+2)& (0+127)
   248     0012  01F9               	clrf	(__pbssCOMMON+3)& (0+127)
   249     0013  01FA               	clrf	(__pbssCOMMON+4)& (0+127)
   250     0014                     end_of_initialization:	
   251                           ;End of C runtime variable initialization code
   252                           
   253     0014                     __end_of__initialization:
   254     0014  0183               	clrf	3
   255     0015  120A  118A  28B3   	ljmp	_main	;jump to C main() function
   256                           
   257                           	psect	bssCOMMON
   258     0076                     __pbssCOMMON:
   259     0076                     _contador:
   260     0076                     	ds	2
   261     0078                     _Pot:
   262     0078                     	ds	1
   263     0079                     _data:
   264     0079                     	ds	1
   265     007A                     _address:
   266     007A                     	ds	1
   267                           
   268                           	psect	cstackCOMMON
   269     0070                     __pcstackCOMMON:
   270     0070                     ?_write_EEPROM:
   271     0070                     ?_read_EEPROM:	
   272                           ; 1 bytes @ 0x0
   273                           
   274     0070                     ??_read_EEPROM:	
   275                           ; 1 bytes @ 0x0
   276                           
   277     0070                     ?_setup:	
   278                           ; 1 bytes @ 0x0
   279                           
   280     0070                     ?_isr:	
   281                           ; 1 bytes @ 0x0
   282                           
   283     0070                     ?_main:	
   284                           ; 1 bytes @ 0x0
   285                           
   286     0070                     read_EEPROM@address:	
   287                           ; 1 bytes @ 0x0
   288                           
   289     0070                     write_EEPROM@data:	
   290                           ; 1 bytes @ 0x0
   291                           
   292                           
   293                           ; 1 bytes @ 0x0
   294     0070                     	ds	1
   295     0071                     ??_write_EEPROM:
   296     0071                     write_EEPROM@address:	
   297                           ; 1 bytes @ 0x1
   298                           
   299                           
   300                           ; 1 bytes @ 0x1
   301     0071                     	ds	1
   302     0072                     write_EEPROM@gieStatus:
   303                           
   304                           ; 1 bytes @ 0x2
   305     0072                     	ds	1
   306     0073                     ??_isr:
   307                           
   308                           ; 1 bytes @ 0x3
   309     0073                     	ds	3
   310                           
   311                           	psect	cstackBANK0
   312     0020                     __pcstackBANK0:
   313     0020                     ??_setup:
   314                           
   315                           ; 1 bytes @ 0x0
   316     0020                     	ds	1
   317     0021                     ??_main:
   318                           
   319                           ; 1 bytes @ 0x1
   320     0021                     	ds	1
   321                           
   322                           	psect	maintext
   323     00B3                     __pmaintext:	
   324 ;;
   325 ;;Main: autosize = 0, tempsize = 1, incstack = 0, save=0
   326 ;;
   327 ;; *************** function _main *****************
   328 ;; Defined at:
   329 ;;		line 95 in file "LabC04.c"
   330 ;; Parameters:    Size  Location     Type
   331 ;;		None
   332 ;; Auto vars:     Size  Location     Type
   333 ;;		None
   334 ;; Return value:  Size  Location     Type
   335 ;;                  1    wreg      void 
   336 ;; Registers used:
   337 ;;		wreg, status,2, status,0, pclath, cstack
   338 ;; Tracked objects:
   339 ;;		On entry : B00/0
   340 ;;		On exit  : 0/0
   341 ;;		Unchanged: 0/0
   342 ;; Data sizes:     COMMON   BANK0   BANK1   BANK3   BANK2
   343 ;;      Params:         0       0       0       0       0
   344 ;;      Locals:         0       0       0       0       0
   345 ;;      Temps:          0       1       0       0       0
   346 ;;      Totals:         0       1       0       0       0
   347 ;;Total ram usage:        1 bytes
   348 ;; Hardware stack levels required when called: 3
   349 ;; This function calls:
   350 ;;		_setup
   351 ;; This function is called by:
   352 ;;		Startup code after reset
   353 ;; This function uses a non-reentrant model
   354 ;;
   355                           
   356     00B3                     _main:	
   357                           ;psect for function _main
   358                           
   359     00B3                     l942:	
   360                           ;incstack = 0
   361                           ; Regs used in _main: [wreg+status,2+status,0+pclath+cstack]
   362                           
   363                           
   364                           ;LabC04.c: 96:     setup ();
   365     00B3  120A  118A  2071  120A  118A  	fcall	_setup
   366     00B8                     l944:
   367                           
   368                           ;LabC04.c: 97:     ADCON0bits.GO = 1;
   369     00B8  1283               	bcf	3,5	;RP0=0, select bank0
   370     00B9  1303               	bcf	3,6	;RP1=0, select bank0
   371     00BA  149F               	bsf	31,1	;volatile
   372     00BB                     l946:
   373                           
   374                           ;LabC04.c: 99:         if (contador == 1){
   375     00BB  0376               	decf	_contador,w
   376     00BC  0477               	iorwf	_contador+1,w
   377     00BD  1D03               	btfss	3,2
   378     00BE  28C0               	goto	u221
   379     00BF  28C1               	goto	u220
   380     00C0                     u221:
   381     00C0  28C2               	goto	l94
   382     00C1                     u220:
   383     00C1                     l948:
   384     00C1  0063               	sleep	;# 
   385     00C2                     l94:	
   386                           ;LabC04.c: 101:         }
   387                           
   388                           
   389                           ;LabC04.c: 103:         if (ADCON0bits.GO == 0) {
   390     00C2  1283               	bcf	3,5	;RP0=0, select bank0
   391     00C3  1303               	bcf	3,6	;RP1=0, select bank0
   392     00C4  189F               	btfsc	31,1	;volatile
   393     00C5  28C7               	goto	u231
   394     00C6  28C8               	goto	u230
   395     00C7                     u231:
   396     00C7  28BB               	goto	l946
   397     00C8                     u230:
   398     00C8                     l950:
   399                           
   400                           ;LabC04.c: 104:             if(ADCON0bits.CHS == 0b0101)
   401     00C8  0C1F               	rrf	31,w	;volatile
   402     00C9  00A1               	movwf	??_main
   403     00CA  0C21               	rrf	??_main,w
   404     00CB  390F               	andlw	15
   405     00CC  3A05               	xorlw	5
   406     00CD  1D03               	skipz
   407     00CE  28D0               	goto	u241
   408     00CF  28D1               	goto	u240
   409     00D0                     u241:
   410     00D0  28D5               	goto	l954
   411     00D1                     u240:
   412     00D1                     l952:
   413                           
   414                           ;LabC04.c: 105:             {;LabC04.c: 106:                 ADCON0bits.CHS = 0b0101;
   415     00D1  081F               	movf	31,w	;volatile
   416     00D2  39C3               	andlw	-61
   417     00D3  3814               	iorlw	20
   418     00D4  009F               	movwf	31	;volatile
   419     00D5                     l954:
   420                           
   421                           ;LabC04.c: 108:             _delay((unsigned long)((1000)*(1000000/4000000.0)));
   422     00D5  3052               	movlw	82
   423     00D6  1283               	bcf	3,5	;RP0=0, select bank0
   424     00D7  1303               	bcf	3,6	;RP1=0, select bank0
   425     00D8  00A1               	movwf	??_main
   426     00D9                     u257:
   427     00D9  0BA1               	decfsz	??_main,f
   428     00DA  28D9               	goto	u257
   429     00DB  0000               	nop
   430     00DC                     l956:
   431                           
   432                           ;LabC04.c: 109:             ADCON0bits.GO = 1;
   433     00DC  1283               	bcf	3,5	;RP0=0, select bank0
   434     00DD  1303               	bcf	3,6	;RP1=0, select bank0
   435     00DE  149F               	bsf	31,1	;volatile
   436     00DF  28BB               	goto	l946
   437     00E0  120A  118A  280C   	ljmp	start
   438     00E3                     __end_of_main:
   439                           
   440                           	psect	text1
   441     0071                     __ptext1:	
   442 ;; *************** function _setup *****************
   443 ;; Defined at:
   444 ;;		line 115 in file "LabC04.c"
   445 ;; Parameters:    Size  Location     Type
   446 ;;		None
   447 ;; Auto vars:     Size  Location     Type
   448 ;;		None
   449 ;; Return value:  Size  Location     Type
   450 ;;                  1    wreg      void 
   451 ;; Registers used:
   452 ;;		wreg, status,2, status,0
   453 ;; Tracked objects:
   454 ;;		On entry : 0/0
   455 ;;		On exit  : 0/0
   456 ;;		Unchanged: 0/0
   457 ;; Data sizes:     COMMON   BANK0   BANK1   BANK3   BANK2
   458 ;;      Params:         0       0       0       0       0
   459 ;;      Locals:         0       0       0       0       0
   460 ;;      Temps:          0       1       0       0       0
   461 ;;      Totals:         0       1       0       0       0
   462 ;;Total ram usage:        1 bytes
   463 ;; Hardware stack levels used: 1
   464 ;; Hardware stack levels required when called: 2
   465 ;; This function calls:
   466 ;;		Nothing
   467 ;; This function is called by:
   468 ;;		_main
   469 ;; This function uses a non-reentrant model
   470 ;;
   471                           
   472     0071                     _setup:	
   473                           ;psect for function _setup
   474                           
   475     0071                     l900:	
   476                           ;incstack = 0
   477                           ; Regs used in _setup: [wreg+status,2+status,0]
   478                           
   479                           
   480                           ;LabC04.c: 117:     ANSELbits.ANS5 = 1;
   481     0071  1683               	bsf	3,5	;RP0=1, select bank3
   482     0072  1703               	bsf	3,6	;RP1=1, select bank3
   483     0073  1688               	bsf	8,5	;volatile
   484     0074                     l902:
   485                           
   486                           ;LabC04.c: 118:     ANSELH = 0;
   487     0074  0189               	clrf	9	;volatile
   488     0075                     l904:
   489                           
   490                           ;LabC04.c: 121:     TRISE = 1;
   491     0075  3001               	movlw	1
   492     0076  1683               	bsf	3,5	;RP0=1, select bank1
   493     0077  1303               	bcf	3,6	;RP1=0, select bank1
   494     0078  0089               	movwf	9	;volatile
   495     0079                     l906:
   496                           
   497                           ;LabC04.c: 122:     TRISB = 0b11111111;
   498     0079  30FF               	movlw	255
   499     007A  0086               	movwf	6	;volatile
   500                           
   501                           ;LabC04.c: 125:     TRISC = 0;
   502     007B  0187               	clrf	7	;volatile
   503                           
   504                           ;LabC04.c: 126:     TRISD = 0;
   505     007C  0188               	clrf	8	;volatile
   506                           
   507                           ;LabC04.c: 127:     TRISA = 0;
   508     007D  0185               	clrf	5	;volatile
   509                           
   510                           ;LabC04.c: 130:     PORTA = 0;
   511     007E  1283               	bcf	3,5	;RP0=0, select bank0
   512     007F  1303               	bcf	3,6	;RP1=0, select bank0
   513     0080  0185               	clrf	5	;volatile
   514                           
   515                           ;LabC04.c: 131:     PORTB = 0;
   516     0081  0186               	clrf	6	;volatile
   517                           
   518                           ;LabC04.c: 132:     PORTC = 0;
   519     0082  0187               	clrf	7	;volatile
   520                           
   521                           ;LabC04.c: 133:     PORTD = 0;
   522     0083  0188               	clrf	8	;volatile
   523                           
   524                           ;LabC04.c: 134:     PORTE = 0;
   525     0084  0189               	clrf	9	;volatile
   526     0085                     l908:
   527                           
   528                           ;LabC04.c: 136:     OPTION_REGbits.nRBPU = 0;
   529     0085  1683               	bsf	3,5	;RP0=1, select bank1
   530     0086  1303               	bcf	3,6	;RP1=0, select bank1
   531     0087  1381               	bcf	1,7	;volatile
   532     0088                     l910:
   533                           
   534                           ;LabC04.c: 137:     IOCB = 0b01111111;
   535     0088  307F               	movlw	127
   536     0089  0096               	movwf	22	;volatile
   537     008A                     l912:
   538                           
   539                           ;LabC04.c: 140:     INTCONbits.RBIF = 0;
   540     008A  100B               	bcf	11,0	;volatile
   541     008B                     l914:
   542                           
   543                           ;LabC04.c: 141:     INTCONbits.RBIE = 1;
   544     008B  158B               	bsf	11,3	;volatile
   545     008C                     l916:
   546                           
   547                           ;LabC04.c: 142:     PIR1bits.ADIF = 0;
   548     008C  1283               	bcf	3,5	;RP0=0, select bank0
   549     008D  1303               	bcf	3,6	;RP1=0, select bank0
   550     008E  130C               	bcf	12,6	;volatile
   551     008F                     l918:
   552                           
   553                           ;LabC04.c: 143:     INTCONbits.PEIE = 1;
   554     008F  170B               	bsf	11,6	;volatile
   555     0090                     l920:
   556                           
   557                           ;LabC04.c: 144:     PIE1bits.ADIE = 1;
   558     0090  1683               	bsf	3,5	;RP0=1, select bank1
   559     0091  1303               	bcf	3,6	;RP1=0, select bank1
   560     0092  170C               	bsf	12,6	;volatile
   561     0093                     l922:
   562                           
   563                           ;LabC04.c: 145:     INTCONbits.GIE = 1;
   564     0093  178B               	bsf	11,7	;volatile
   565     0094                     l924:
   566                           
   567                           ;LabC04.c: 146:     ADCON0bits.GO = 1;
   568     0094  1283               	bcf	3,5	;RP0=0, select bank0
   569     0095  1303               	bcf	3,6	;RP1=0, select bank0
   570     0096  149F               	bsf	31,1	;volatile
   571     0097                     l926:
   572                           
   573                           ;LabC04.c: 149:     ADCON0bits.CHS = 0b0101;
   574     0097  081F               	movf	31,w	;volatile
   575     0098  39C3               	andlw	-61
   576     0099  3814               	iorlw	20
   577     009A  009F               	movwf	31	;volatile
   578     009B                     l928:
   579                           
   580                           ;LabC04.c: 150:     ADCON1bits.VCFG0 = 0;
   581     009B  1683               	bsf	3,5	;RP0=1, select bank1
   582     009C  1303               	bcf	3,6	;RP1=0, select bank1
   583     009D  121F               	bcf	31,4	;volatile
   584     009E                     l930:
   585                           
   586                           ;LabC04.c: 151:     ADCON1bits.VCFG1 = 0;
   587     009E  129F               	bcf	31,5	;volatile
   588     009F                     l932:
   589                           
   590                           ;LabC04.c: 152:     ADCON0bits.ADCS = 0b10;
   591     009F  1283               	bcf	3,5	;RP0=0, select bank0
   592     00A0  1303               	bcf	3,6	;RP1=0, select bank0
   593     00A1  081F               	movf	31,w	;volatile
   594     00A2  393F               	andlw	-193
   595     00A3  3880               	iorlw	128
   596     00A4  009F               	movwf	31	;volatile
   597     00A5                     l934:
   598                           
   599                           ;LabC04.c: 154:     ADCON1bits.ADFM = 0;
   600     00A5  1683               	bsf	3,5	;RP0=1, select bank1
   601     00A6  1303               	bcf	3,6	;RP1=0, select bank1
   602     00A7  139F               	bcf	31,7	;volatile
   603     00A8                     l936:
   604                           
   605                           ;LabC04.c: 155:     ADCON0bits.ADON = 1;
   606     00A8  1283               	bcf	3,5	;RP0=0, select bank0
   607     00A9  1303               	bcf	3,6	;RP1=0, select bank0
   608     00AA  141F               	bsf	31,0	;volatile
   609     00AB                     l938:
   610                           
   611                           ;LabC04.c: 156:      _delay((unsigned long)((1)*(1000000/4000.0)));
   612     00AB  3052               	movlw	82
   613     00AC  1283               	bcf	3,5	;RP0=0, select bank0
   614     00AD  1303               	bcf	3,6	;RP1=0, select bank0
   615     00AE  00A0               	movwf	??_setup
   616     00AF                     u267:
   617     00AF  0BA0               	decfsz	??_setup,f
   618     00B0  28AF               	goto	u267
   619     00B1  0000               	nop
   620     00B2                     l102:
   621     00B2  0008               	return
   622     00B3                     __end_of_setup:
   623                           
   624                           	psect	text2
   625     0018                     __ptext2:	
   626 ;; *************** function _isr *****************
   627 ;; Defined at:
   628 ;;		line 50 in file "LabC04.c"
   629 ;; Parameters:    Size  Location     Type
   630 ;;		None
   631 ;; Auto vars:     Size  Location     Type
   632 ;;		None
   633 ;; Return value:  Size  Location     Type
   634 ;;                  1    wreg      void 
   635 ;; Registers used:
   636 ;;		wreg, status,2, status,0, pclath, cstack
   637 ;; Tracked objects:
   638 ;;		On entry : 0/0
   639 ;;		On exit  : 0/0
   640 ;;		Unchanged: 0/0
   641 ;; Data sizes:     COMMON   BANK0   BANK1   BANK3   BANK2
   642 ;;      Params:         0       0       0       0       0
   643 ;;      Locals:         0       0       0       0       0
   644 ;;      Temps:          3       0       0       0       0
   645 ;;      Totals:         3       0       0       0       0
   646 ;;Total ram usage:        3 bytes
   647 ;; Hardware stack levels used: 1
   648 ;; Hardware stack levels required when called: 1
   649 ;; This function calls:
   650 ;;		_read_EEPROM
   651 ;;		_write_EEPROM
   652 ;; This function is called by:
   653 ;;		Interrupt level 1
   654 ;; This function uses a non-reentrant model
   655 ;;
   656                           
   657     0018                     _isr:	
   658                           ;psect for function _isr
   659                           
   660     0018                     i1l860:
   661                           
   662                           ;LabC04.c: 51:     if (PIR1bits.ADIF)
   663     0018  1283               	bcf	3,5	;RP0=0, select bank0
   664     0019  1303               	bcf	3,6	;RP1=0, select bank0
   665     001A  1F0C               	btfss	12,6	;volatile
   666     001B  281D               	goto	u15_21
   667     001C  281E               	goto	u15_20
   668     001D                     u15_21:
   669     001D  2825               	goto	i1l868
   670     001E                     u15_20:
   671     001E                     i1l862:
   672                           
   673                           ;LabC04.c: 52:     {;LabC04.c: 53:         Pot = ADRESH;
   674     001E  081E               	movf	30,w	;volatile
   675     001F  00F8               	movwf	_Pot
   676                           
   677                           ;LabC04.c: 54:         PORTC = Pot;
   678     0020  0878               	movf	_Pot,w
   679     0021  0087               	movwf	7	;volatile
   680     0022                     i1l864:
   681                           
   682                           ;LabC04.c: 55:         contador = 0;
   683     0022  01F6               	clrf	_contador
   684     0023  01F7               	clrf	_contador+1
   685     0024                     i1l866:
   686                           
   687                           ;LabC04.c: 56:         PIR1bits.ADIF = 0;
   688     0024  130C               	bcf	12,6	;volatile
   689     0025                     i1l868:
   690                           
   691                           ;LabC04.c: 58:     if (INTCONbits.RBIF)
   692     0025  1C0B               	btfss	11,0	;volatile
   693     0026  2828               	goto	u16_21
   694     0027  2829               	goto	u16_20
   695     0028                     u16_21:
   696     0028  286A               	goto	i1l88
   697     0029                     u16_20:
   698     0029                     i1l870:
   699                           
   700                           ;LabC04.c: 59:     {;LabC04.c: 61:         if (PORTBbits.RB0 == 0){
   701     0029  1806               	btfsc	6,0	;volatile
   702     002A  282C               	goto	u17_21
   703     002B  282D               	goto	u17_20
   704     002C                     u17_21:
   705     002C  2835               	goto	i1l79
   706     002D                     u17_20:
   707     002D                     i1l872:
   708                           
   709                           ;LabC04.c: 62:             address++;
   710     002D  3001               	movlw	1
   711     002E  00F3               	movwf	??_isr
   712     002F  0873               	movf	??_isr,w
   713     0030  07FA               	addwf	_address,f
   714     0031                     i1l874:
   715                           
   716                           ;LabC04.c: 63:             PORTA = 0;
   717     0031  0185               	clrf	5	;volatile
   718     0032                     i1l876:
   719                           
   720                           ;LabC04.c: 64:             contador = 0;
   721     0032  01F6               	clrf	_contador
   722     0033  01F7               	clrf	_contador+1
   723                           
   724                           ;LabC04.c: 65:         }
   725     0034  2863               	goto	i1l80
   726     0035                     i1l79:	
   727                           ;LabC04.c: 67:         else if (PORTBbits.RB1 == 0){
   728                           
   729     0035  1886               	btfsc	6,1	;volatile
   730     0036  2838               	goto	u18_21
   731     0037  2839               	goto	u18_20
   732     0038                     u18_21:
   733     0038  283C               	goto	i1l81
   734     0039                     u18_20:
   735     0039                     i1l878:
   736                           
   737                           ;LabC04.c: 68:             address--;
   738     0039  3001               	movlw	1
   739     003A  02FA               	subwf	_address,f
   740     003B  2832               	goto	i1l876
   741     003C                     i1l81:	
   742                           ;LabC04.c: 72:         else if (PORTBbits.RB2 == 0){
   743                           
   744     003C  1906               	btfsc	6,2	;volatile
   745     003D  283F               	goto	u19_21
   746     003E  2840               	goto	u19_20
   747     003F                     u19_21:
   748     003F  2849               	goto	i1l83
   749     0040                     u19_20:
   750     0040                     i1l882:
   751                           
   752                           ;LabC04.c: 73:             write_EEPROM (address, Pot);
   753     0040  0878               	movf	_Pot,w
   754     0041  00F0               	movwf	write_EEPROM@data
   755     0042  087A               	movf	_address,w
   756     0043  120A  118A  20E3  120A  118A  	fcall	_write_EEPROM
   757     0048  2832               	goto	i1l876
   758     0049                     i1l83:	
   759                           ;LabC04.c: 77:         else if (PORTBbits.RB3 == 0){
   760                           
   761     0049  1986               	btfsc	6,3	;volatile
   762     004A  284C               	goto	u20_21
   763     004B  284D               	goto	u20_20
   764     004C                     u20_21:
   765     004C  285A               	goto	i1l85
   766     004D                     u20_20:
   767     004D                     i1l886:
   768                           
   769                           ;LabC04.c: 78:             PORTD = 0;
   770     004D  0188               	clrf	8	;volatile
   771     004E                     i1l888:
   772                           
   773                           ;LabC04.c: 79:             data = read_EEPROM(address);
   774     004E  087A               	movf	_address,w
   775     004F  120A  118A  2105  120A  118A  	fcall	_read_EEPROM
   776     0054  00F9               	movwf	_data
   777     0055                     i1l890:
   778                           
   779                           ;LabC04.c: 80:             PORTD = data;
   780     0055  0879               	movf	_data,w
   781     0056  1283               	bcf	3,5	;RP0=0, select bank0
   782     0057  1303               	bcf	3,6	;RP1=0, select bank0
   783     0058  0088               	movwf	8	;volatile
   784     0059  2832               	goto	i1l876
   785     005A                     i1l85:	
   786                           ;LabC04.c: 84:         else if (PORTBbits.RB4 == 0)
   787                           
   788     005A  1A06               	btfsc	6,4	;volatile
   789     005B  285D               	goto	u21_21
   790     005C  285E               	goto	u21_20
   791     005D                     u21_21:
   792     005D  2863               	goto	i1l84
   793     005E                     u21_20:
   794     005E                     i1l894:
   795                           
   796                           ;LabC04.c: 85:              contador = 1;
   797     005E  3001               	movlw	1
   798     005F  00F6               	movwf	_contador
   799     0060  3000               	movlw	0
   800     0061  00F7               	movwf	_contador+1
   801     0062  2863               	goto	i1l80
   802     0063                     i1l84:
   803     0063                     i1l80:
   804                           
   805                           ;LabC04.c: 86:              PORTA = address;
   806     0063  087A               	movf	_address,w
   807     0064  1283               	bcf	3,5	;RP0=0, select bank0
   808     0065  1303               	bcf	3,6	;RP1=0, select bank0
   809     0066  0085               	movwf	5	;volatile
   810                           
   811                           ;LabC04.c: 87:              PORTC = Pot;
   812     0067  0878               	movf	_Pot,w
   813     0068  0087               	movwf	7	;volatile
   814     0069                     i1l896:
   815                           
   816                           ;LabC04.c: 90:         INTCONbits.RBIF = 0;
   817     0069  100B               	bcf	11,0	;volatile
   818     006A                     i1l88:
   819     006A  0875               	movf	??_isr+2,w
   820     006B  008A               	movwf	10
   821     006C  0E74               	swapf	??_isr+1,w
   822     006D  0083               	movwf	3
   823     006E  0EFE               	swapf	btemp,f
   824     006F  0E7E               	swapf	btemp,w
   825     0070  0009               	retfie
   826     0071                     __end_of_isr:
   827                           
   828                           	psect	intentry
   829     0004                     __pintentry:	
   830                           ;incstack = 0
   831                           ; Regs used in _isr: [wreg+status,2+status,0+pclath+cstack]
   832                           
   833     0004                     interrupt_function:
   834     007E                     saved_w	set	btemp
   835     0004  00FE               	movwf	btemp
   836     0005  0E03               	swapf	3,w
   837     0006  00F4               	movwf	??_isr+1
   838     0007  080A               	movf	10,w
   839     0008  00F5               	movwf	??_isr+2
   840     0009  120A  118A  2818   	ljmp	_isr
   841                           
   842                           	psect	text3
   843     00E3                     __ptext3:	
   844 ;; *************** function _write_EEPROM *****************
   845 ;; Defined at:
   846 ;;		line 170 in file "LabC04.c"
   847 ;; Parameters:    Size  Location     Type
   848 ;;  address         1    wreg     unsigned char 
   849 ;;  data            1    0[COMMON] unsigned char 
   850 ;; Auto vars:     Size  Location     Type
   851 ;;  address         1    1[COMMON] unsigned char 
   852 ;;  gieStatus       1    2[COMMON] unsigned char 
   853 ;; Return value:  Size  Location     Type
   854 ;;                  1    wreg      void 
   855 ;; Registers used:
   856 ;;		wreg, status,2, status,0
   857 ;; Tracked objects:
   858 ;;		On entry : 0/0
   859 ;;		On exit  : 0/0
   860 ;;		Unchanged: 0/0
   861 ;; Data sizes:     COMMON   BANK0   BANK1   BANK3   BANK2
   862 ;;      Params:         1       0       0       0       0
   863 ;;      Locals:         2       0       0       0       0
   864 ;;      Temps:          0       0       0       0       0
   865 ;;      Totals:         3       0       0       0       0
   866 ;;Total ram usage:        3 bytes
   867 ;; Hardware stack levels used: 1
   868 ;; This function calls:
   869 ;;		Nothing
   870 ;; This function is called by:
   871 ;;		_isr
   872 ;; This function uses a non-reentrant model
   873 ;;
   874                           
   875     00E3                     _write_EEPROM:	
   876                           ;psect for function _write_EEPROM
   877                           
   878                           
   879                           ;incstack = 0
   880                           ; Regs used in _write_EEPROM: [wreg+status,2+status,0]
   881                           ;write_EEPROM@address stored from wreg
   882     00E3  00F1               	movwf	write_EEPROM@address
   883     00E4                     i1l838:
   884     00E4                     i1l111:	
   885                           ;LabC04.c: 171:     uint8_t gieStatus;;LabC04.c: 172:     while (WR);
   886                           
   887     00E4  1683               	bsf	3,5	;RP0=1, select bank3
   888     00E5  1703               	bsf	3,6	;RP1=1, select bank3
   889     00E6  188C               	btfsc	12,1	;volsfr
   890     00E7  28E9               	goto	u14_21
   891     00E8  28EA               	goto	u14_20
   892     00E9                     u14_21:
   893     00E9  28E4               	goto	i1l111
   894     00EA                     u14_20:
   895     00EA                     i1l840:
   896                           
   897                           ;LabC04.c: 174:     EEADR = address;
   898     00EA  0871               	movf	write_EEPROM@address,w
   899     00EB  1283               	bcf	3,5	;RP0=0, select bank2
   900     00EC  1703               	bsf	3,6	;RP1=1, select bank2
   901     00ED  008D               	movwf	13	;volatile
   902                           
   903                           ;LabC04.c: 175:     EEDAT = data;
   904     00EE  0870               	movf	write_EEPROM@data,w
   905     00EF  008C               	movwf	12	;volatile
   906     00F0                     i1l842:
   907                           
   908                           ;LabC04.c: 176:     EECON1bits.EEPGD = 0;
   909     00F0  1683               	bsf	3,5	;RP0=1, select bank3
   910     00F1  1703               	bsf	3,6	;RP1=1, select bank3
   911     00F2  138C               	bcf	12,7	;volsfr
   912     00F3                     i1l844:
   913                           
   914                           ;LabC04.c: 177:     EECON1bits.WREN = 1;
   915     00F3  150C               	bsf	12,2	;volsfr
   916     00F4                     i1l846:
   917                           
   918                           ;LabC04.c: 178:     gieStatus = GIE;
   919     00F4  3000               	movlw	0
   920     00F5  1B8B               	btfsc	11,7	;volatile
   921     00F6  3001               	movlw	1
   922     00F7  00F2               	movwf	write_EEPROM@gieStatus
   923     00F8                     i1l848:
   924                           
   925                           ;LabC04.c: 179:     INTCONbits.GIE = 0;
   926     00F8  138B               	bcf	11,7	;volatile
   927     00F9                     i1l850:
   928                           
   929                           ;LabC04.c: 180:     EECON2 = 0x55;
   930     00F9  3055               	movlw	85
   931     00FA  008D               	movwf	13	;volsfr
   932     00FB                     i1l852:
   933                           
   934                           ;LabC04.c: 181:     EECON2 = 0xAA;
   935     00FB  30AA               	movlw	170
   936     00FC  008D               	movwf	13	;volsfr
   937     00FD                     i1l854:
   938                           
   939                           ;LabC04.c: 182:     EECON1bits.WR = 1;
   940     00FD  148C               	bsf	12,1	;volsfr
   941     00FE                     i1l856:
   942                           
   943                           ;LabC04.c: 183:     EECON1bits.WREN = 0;
   944     00FE  110C               	bcf	12,2	;volsfr
   945     00FF                     i1l858:
   946                           
   947                           ;LabC04.c: 185:     INTCONbits.GIE = gieStatus;
   948     00FF  0C72               	rrf	write_EEPROM@gieStatus,w
   949     0100  1C03               	skipc
   950     0101  138B               	bcf	11,7	;volatile
   951     0102  1803               	skipnc
   952     0103  178B               	bsf	11,7	;volatile
   953     0104                     i1l114:
   954     0104  0008               	return
   955     0105                     __end_of_write_EEPROM:
   956                           
   957                           	psect	text4
   958     0105                     __ptext4:	
   959 ;; *************** function _read_EEPROM *****************
   960 ;; Defined at:
   961 ;;		line 161 in file "LabC04.c"
   962 ;; Parameters:    Size  Location     Type
   963 ;;  address         1    wreg     unsigned char 
   964 ;; Auto vars:     Size  Location     Type
   965 ;;  address         1    0[COMMON] unsigned char 
   966 ;; Return value:  Size  Location     Type
   967 ;;                  1    wreg      unsigned char 
   968 ;; Registers used:
   969 ;;		wreg
   970 ;; Tracked objects:
   971 ;;		On entry : 0/0
   972 ;;		On exit  : 0/0
   973 ;;		Unchanged: 0/0
   974 ;; Data sizes:     COMMON   BANK0   BANK1   BANK3   BANK2
   975 ;;      Params:         0       0       0       0       0
   976 ;;      Locals:         1       0       0       0       0
   977 ;;      Temps:          0       0       0       0       0
   978 ;;      Totals:         1       0       0       0       0
   979 ;;Total ram usage:        1 bytes
   980 ;; Hardware stack levels used: 1
   981 ;; This function calls:
   982 ;;		Nothing
   983 ;; This function is called by:
   984 ;;		_isr
   985 ;; This function uses a non-reentrant model
   986 ;;
   987                           
   988     0105                     _read_EEPROM:	
   989                           ;psect for function _read_EEPROM
   990                           
   991                           
   992                           ;incstack = 0
   993                           ; Regs used in _read_EEPROM: [wreg]
   994                           ;read_EEPROM@address stored from wreg
   995     0105  00F0               	movwf	read_EEPROM@address
   996     0106                     i1l728:
   997     0106                     i1l105:	
   998                           ;LabC04.c: 162:     while(WR||RD);
   999                           
  1000     0106  1683               	bsf	3,5	;RP0=1, select bank3
  1001     0107  1703               	bsf	3,6	;RP1=1, select bank3
  1002     0108  188C               	btfsc	12,1	;volsfr
  1003     0109  290B               	goto	u2_21
  1004     010A  290C               	goto	u2_20
  1005     010B                     u2_21:
  1006     010B  2906               	goto	i1l105
  1007     010C                     u2_20:
  1008     010C                     i1l730:
  1009     010C  180C               	btfsc	12,0	;volsfr
  1010     010D  290F               	goto	u3_21
  1011     010E  2910               	goto	u3_20
  1012     010F                     u3_21:
  1013     010F  2906               	goto	i1l105
  1014     0110                     u3_20:
  1015     0110                     i1l732:
  1016                           
  1017                           ;LabC04.c: 164:     EEADR = address;
  1018     0110  0870               	movf	read_EEPROM@address,w
  1019     0111  1283               	bcf	3,5	;RP0=0, select bank2
  1020     0112  1703               	bsf	3,6	;RP1=1, select bank2
  1021     0113  008D               	movwf	13	;volatile
  1022     0114                     i1l734:
  1023                           
  1024                           ;LabC04.c: 165:     EECON1bits.EEPGD = 0;
  1025     0114  1683               	bsf	3,5	;RP0=1, select bank3
  1026     0115  1703               	bsf	3,6	;RP1=1, select bank3
  1027     0116  138C               	bcf	12,7	;volsfr
  1028     0117                     i1l736:
  1029                           
  1030                           ;LabC04.c: 166:     EECON1bits.RD = 1;
  1031     0117  140C               	bsf	12,0	;volsfr
  1032                           
  1033                           ;LabC04.c: 167:     return EEDAT;
  1034     0118  1283               	bcf	3,5	;RP0=0, select bank2
  1035     0119  1703               	bsf	3,6	;RP1=1, select bank2
  1036     011A  080C               	movf	12,w	;volatile
  1037     011B                     i1l108:
  1038     011B  0008               	return
  1039     011C                     __end_of_read_EEPROM:
  1040     007E                     btemp	set	126	;btemp
  1041     007E                     wtemp0	set	126
  1042                           
  1043                           	psect	idloc
  1044                           
  1045                           ;Config register IDLOC0 @ 0x2000
  1046                           ;	unspecified, using default values
  1047     2000                     	org	8192
  1048     2000  3FFF               	dw	16383
  1049                           
  1050                           ;Config register IDLOC1 @ 0x2001
  1051                           ;	unspecified, using default values
  1052     2001                     	org	8193
  1053     2001  3FFF               	dw	16383
  1054                           
  1055                           ;Config register IDLOC2 @ 0x2002
  1056                           ;	unspecified, using default values
  1057     2002                     	org	8194
  1058     2002  3FFF               	dw	16383
  1059                           
  1060                           ;Config register IDLOC3 @ 0x2003
  1061                           ;	unspecified, using default values
  1062     2003                     	org	8195
  1063     2003  3FFF               	dw	16383
  1064                           
  1065                           	psect	config
  1066                           
  1067                           ;Config register CONFIG1 @ 0x2007
  1068                           ;	Oscillator Selection bits
  1069                           ;	FOSC = INTRC_NOCLKOUT, INTOSCIO oscillator: I/O function on RA6/OSC2/CLKOUT pin, I/O f
      +                          unction on RA7/OSC1/CLKIN
  1070                           ;	Watchdog Timer Enable bit
  1071                           ;	WDTE = OFF, WDT disabled and can be enabled by SWDTEN bit of the WDTCON register
  1072                           ;	Power-up Timer Enable bit
  1073                           ;	PWRTE = OFF, PWRT disabled
  1074                           ;	RE3/MCLR pin function select bit
  1075                           ;	MCLRE = OFF, RE3/MCLR pin function is digital input, MCLR internally tied to VDD
  1076                           ;	Code Protection bit
  1077                           ;	CP = OFF, Program memory code protection is disabled
  1078                           ;	Data Code Protection bit
  1079                           ;	CPD = OFF, Data memory code protection is disabled
  1080                           ;	Brown Out Reset Selection bits
  1081                           ;	BOREN = OFF, BOR disabled
  1082                           ;	Internal External Switchover bit
  1083                           ;	IESO = OFF, Internal/External Switchover mode is disabled
  1084                           ;	Fail-Safe Clock Monitor Enabled bit
  1085                           ;	FCMEN = OFF, Fail-Safe Clock Monitor is disabled
  1086                           ;	Low Voltage Programming Enable bit
  1087                           ;	LVP = OFF, RB3 pin has digital I/O, HV on MCLR must be used for programming
  1088                           ;	In-Circuit Debugger Mode bit
  1089                           ;	DEBUG = 0x1, unprogramme  1090     2007                     	org	8199
  1091     2007  20D4               	dw	8404
  1092                           
  1093                           ;Config register CONFIG2 @ 0x2008
  1094                           ;	Brown-out Reset Selection bit
  1095                           ;	BOR4V = BOR40V, Brown-out Reset set to 4.0V
  1096                           ;	Flash Program Memory Self Write Enable bits
  1097                           ;	WRT = OFF, Write protection off
  1098     2008                     	org	8200
  1099     2008  3FFF               	dw	16383

Data Sizes:
    Strings     0
    Constant    0
    Data        0
    BSS         5
    Persistent  0
    Stack       0

Auto Spaces:
    Space          Size  Autos    Used
    COMMON           14      6      11
    BANK0            80      2       2
    BANK1            80      0       0
    BANK3            96      0       0
    BANK2            96      0       0

Pointer List with Targets:

    None.

Critical Paths under _main in COMMON

    None.

Critical Paths under _isr in COMMON

    _isr->_write_EEPROM

Critical Paths under _main in BANK0

    _main->_setup

Critical Paths under _isr in BANK0

    None.

Critical Paths under _main in BANK1

    None.

Critical Paths under _isr in BANK1

    None.

Critical Paths under _main in BANK3

    None.

Critical Paths under _isr in BANK3

    None.

Critical Paths under _main in BANK2

    None.

Critical Paths under _isr in BANK2

    None.

Call Graph Tables:

 ---------------------------------------------------------------------------------
 (Depth) Function   	        Calls       Base Space   Used Autos Params    Refs
 ---------------------------------------------------------------------------------
 (0) _main                                                 1     1      0       0
                                              1 BANK0      1     1      0
                              _setup
 ---------------------------------------------------------------------------------
 (1) _setup                                                1     1      0       0
                                              0 BANK0      1     1      0
 ---------------------------------------------------------------------------------
 Estimated maximum stack depth 1
 ---------------------------------------------------------------------------------
 (Depth) Function   	        Calls       Base Space   Used Autos Params    Refs
 ---------------------------------------------------------------------------------
 (2) _isr                                                  3     3      0     158
                                              3 COMMON     3     3      0
                        _read_EEPROM
                       _write_EEPROM
 ---------------------------------------------------------------------------------
 (3) _write_EEPROM                                         3     2      1     143
                                              0 COMMON     3     2      1
 ---------------------------------------------------------------------------------
 (3) _read_EEPROM                                          1     1      0      15
                                              0 COMMON     1     1      0
 ---------------------------------------------------------------------------------
 Estimated maximum stack depth 3
 ---------------------------------------------------------------------------------

 Call Graph Graphs:

 _main (ROOT)
   _setup

 _isr (ROOT)
   _read_EEPROM
   _write_EEPROM

 Address spaces:
Name               Size   Autos  Total    Cost      Usage
BITCOMMON            E      0       0       0        0.0%
EEDATA             100      0       0       0        0.0%
NULL                 0      0       0       0        0.0%
CODE                 0      0       0       0        0.0%
COMMON               E      6       B       1       78.6%
BITSFR0              0      0       0       1        0.0%
SFR0                 0      0       0       1        0.0%
BITSFR1              0      0       0       2        0.0%
SFR1                 0      0       0       2        0.0%
STACK                0      0       0       2        0.0%
ABS                  0      0       D       3        0.0%
BITBANK0            50      0       0       4        0.0%
BITSFR3              0      0       0       4        0.0%
SFR3                 0      0       0       4        0.0%
BANK0               50      2       2       5        2.5%
BITSFR2              0      0       0       5        0.0%
SFR2                 0      0       0       5        0.0%
BITBANK1            50      0       0       6        0.0%
BANK1               50      0       0       7        0.0%
BITBANK3            60      0       0       8        0.0%
BANK3               60      0       0       9        0.0%
BITBANK2            60      0       0      10        0.0%
BANK2               60      0       0      11        0.0%
DATA                 0      0       D      12        0.0%


Microchip Technology PIC Macro Assembler V2.40 build 20220703182018 
Symbol Table                                                                                   Tue Apr 25 09:10:32 2023

                     l94 00C2                       _RD 0C60                       _WR 0C61  
                    l102 00B2                      l900 0071                      l910 0088  
                    l902 0074                      l920 0090                      l912 008A  
                    l904 0075                      l930 009E                      l922 0093  
                    l914 008B                      l906 0079                      l932 009F  
                    l924 0094                      l916 008C                      l908 0085  
                    l934 00A5                      l926 0097                      l918 008F  
                    l950 00C8                      l942 00B3                      l936 00A8  
                    l928 009B                      l952 00D1                      l944 00B8  
                    l938 00AB                      l954 00D5                      l946 00BB  
                    l956 00DC                      l948 00C1                      _GIE 005F  
                    u220 00C1                      u221 00C0                      u230 00C8  
                    u231 00C7                      u240 00D1                      u241 00D0  
                    u257 00D9                      u267 00AF                      _Pot 0078  
                    _isr 0018                     ?_isr 0070                     _IOCB 0096  
                   i1l80 0063                     i1l81 003C                     i1l83 0049  
                   i1l84 0063                     i1l85 005A                     i1l79 0035  
                   i1l88 006A                     u2_20 010C                     u2_21 010B  
                   u3_20 0110                     u3_21 010F                     _data 0079  
                   _main 00B3                     btemp 007E                     start 000C  
           ?_read_EEPROM 0070                    ??_isr 0073                    ?_main 0070  
                  _EEADR 010D                    _EEDAT 010C                    i1l111 00E4  
                  i1l105 0106                    i1l114 0104                    i1l108 011B  
                  i1l730 010C                    i1l732 0110                    i1l734 0114  
                  i1l736 0117                    i1l728 0106                    i1l840 00EA  
                  i1l850 00F9                    i1l842 00F0                    i1l852 00FB  
                  i1l844 00F3                    i1l860 0018                    i1l854 00FD  
                  i1l846 00F4                    i1l838 00E4                    i1l870 0029  
                  i1l862 001E                    i1l856 00FE                    i1l848 00F8  
                  i1l872 002D                    i1l864 0022                    i1l858 00FF  
                  i1l890 0055                    i1l882 0040                    i1l874 0031  
                  i1l866 0024                    i1l876 0032                    i1l868 0025  
                  i1l894 005E                    i1l886 004D                    i1l878 0039  
                  i1l896 0069                    i1l888 004E                    u20_20 004D  
                  u20_21 004C                    u21_20 005E                    u21_21 005D  
                  u14_20 00EA                    u14_21 00E9                    u15_20 001E  
                  u15_21 001D                    u16_20 0029                    u16_21 0028  
                  u17_20 002D                    u17_21 002C                    u18_20 0039  
                  u18_21 0038                    u19_20 0040                    u19_21 003F  
                  _PORTA 0005                    _PORTB 0006                    _PORTC 0007  
                  _PORTD 0008                    _PORTE 0009                    _TRISA 0085  
                  _TRISB 0086                    _TRISC 0087                    _TRISD 0088  
                  _TRISE 0089                    _setup 0071                    pclath 000A  
                  status 0003                    wtemp0 007E          __initialization 000F  
           __end_of_main 00E3                   ??_main 0021             _write_EEPROM 00E3  
                 _ADRESH 001E                   _EECON2 018D                   ?_setup 0070  
                 _ANSELH 0189                   saved_w 007E  __end_of__initialization 0014  
         __pcstackCOMMON 0070            __end_of_setup 00B3       read_EEPROM@address 0070  
         _OPTION_REGbits 0081         write_EEPROM@data 0070                  ??_setup 0020  
             __pmaintext 00B3               __pintentry 0004                  _address 007A  
              _ANSELbits 0188                  __ptext1 0071                  __ptext2 0018  
                __ptext3 00E3                  __ptext4 0105     end_of_initialization 0014  
    write_EEPROM@address 0071                _PORTBbits 0006      start_initialization 000F  
            __end_of_isr 0071            ??_read_EEPROM 0070              __pbssCOMMON 0076  
              ___latbits 0002            __pcstackBANK0 0020      __end_of_read_EEPROM 011C  
          ?_write_EEPROM 0070        interrupt_function 0004                 _PIE1bits 008C  
               _PIR1bits 000C               _ADCON0bits 001F               _ADCON1bits 009F  
         ??_write_EEPROM 0071               _EECON1bits 018C              _read_EEPROM 0105  
  write_EEPROM@gieStatus 0072                 _contador 0076               _INTCONbits 000B  
               intlevel1 0000     __end_of_write_EEPROM 0105  
